[2022-03-21 10:33:06] [info] Start Program:
Path:"D:\UBB\ANUL 1\SEM 2\PROGRAMARE ORIENTATA OBIECT\TemaOOP_lab2-4\x64\Debug\TemaOOP_lab2-4.exe"
Arguments:
Working directory: "D:\UBB\ANUL 1\SEM 2\PROGRAMARE ORIENTATA OBIECT\TemaOOP_lab2-4\TemaOOP_lab2-4\"
Modules: Selected: D:\UBB\ANUL 1\SEM 2\PROGRAMARE ORIENTATA OBIECT\TemaOOP_lab2-4\x64\Debug\TemaOOP_lab2-4.exe Excluded: 
Sources: Selected: D:\UBB\ANUL 1\SEM 2\PROGRAMARE ORIENTATA OBIECT\TemaOOP_lab2-4\TemaOOP_lab2-4 Excluded: 
Log Level: Normal
Cover Children: 0
Aggregate by file: 1
Continue after C++ exception: 0
Optimized build support: 0
Export: Binary C:\Users\Asus\AppData\Local\Temp\idc0hwjp.12j 
Input coverage: 
Unified diff: 
Excluded line regular expressions: 
Substitute pdb source paths: 

[2022-03-21 10:33:06] [info] Module: D:\UBB\ANUL 1\SEM 2\PROGRAMARE ORIENTATA OBIECT\TemaOOP_lab2-4\x64\Debug\TemaOOP_lab2-4.exe is selected because it matches selected pattern: D:\UBB\ANUL 1\SEM 2\PROGRAMARE ORIENTATA OBIECT\TemaOOP_lab2-4\x64\Debug\TemaOOP_lab2-4.exe
[2022-03-21 10:33:09] [info] ----------------------------------------------------
[2022-03-21 10:33:09] [info] Coverage binary generated in file: C:\Users\Asus\AppData\Local\Temp\idc0hwjp.12j
[2022-03-21 10:33:09] [info] ----------------------------------------------------
