  UI.cpp
  TemaOOP_lab6-7.vcxproj -> D:\UBB\ANUL 1\SEM 2\PROGRAMARE ORIENTATA OBIECT\TemaOOP_lab7-8\x64\Debug\TemaOOP_lab6-7.exe
D:\UBB\ANUL 1\SEM 2\PROGRAMARE ORIENTATA OBIECT\TemaOOP_lab7-8\TemaOOP_lab6-7\Repository.h(42): warning C26440: Function 'WishList::WishList' can be declared 'noexcept' (f.6).
D:\UBB\ANUL 1\SEM 2\PROGRAMARE ORIENTATA OBIECT\TemaOOP_lab7-8\TemaOOP_lab6-7\Repository.cpp(14): warning C26440: Function '<lambda_55a2d5c73ace73035d520833ab879382>::operator()' can be declared 'noexcept' (f.6).
D:\UBB\ANUL 1\SEM 2\PROGRAMARE ORIENTATA OBIECT\TemaOOP_lab7-8\TemaOOP_lab6-7\Repository.cpp(17): warning C26489: Don't dereference a pointer that may be invalid: 'allotemp.7'. '(temporary 7)' may have been invalidated at line 17 (lifetime.1).
D:\UBB\ANUL 1\SEM 2\PROGRAMARE ORIENTATA OBIECT\TemaOOP_lab7-8\TemaOOP_lab6-7\Repository.cpp(17): warning C26487: Don't return a pointer '(11's result)' that may be invalid (lifetime.4).
D:\UBB\ANUL 1\SEM 2\PROGRAMARE ORIENTATA OBIECT\TemaOOP_lab7-8\TemaOOP_lab6-7\Repository.cpp(41): warning C26446: Prefer to use gsl::at() instead of unchecked subscript operator (bounds.4).
D:\UBB\ANUL 1\SEM 2\PROGRAMARE ORIENTATA OBIECT\TemaOOP_lab7-8\TemaOOP_lab6-7\Repository.cpp(51): warning C26446: Prefer to use gsl::at() instead of unchecked subscript operator (bounds.4).
D:\UBB\ANUL 1\SEM 2\PROGRAMARE ORIENTATA OBIECT\TemaOOP_lab7-8\TemaOOP_lab6-7\Repository.cpp(52): warning C26446: Prefer to use gsl::at() instead of unchecked subscript operator (bounds.4).
D:\UBB\ANUL 1\SEM 2\PROGRAMARE ORIENTATA OBIECT\TemaOOP_lab7-8\TemaOOP_lab6-7\Repository.cpp(62): warning C26823: Dereferencing a possibly null pointer 't' (lifetime.1).
D:\UBB\ANUL 1\SEM 2\PROGRAMARE ORIENTATA OBIECT\TemaOOP_lab7-8\TemaOOP_lab6-7\Repository.cpp(88): warning C26446: Prefer to use gsl::at() instead of unchecked subscript operator (bounds.4).
D:\UBB\ANUL 1\SEM 2\PROGRAMARE ORIENTATA OBIECT\TemaOOP_lab7-8\TemaOOP_lab6-7\Repository.cpp(80): warning C26493: Don't use C-style casts (type.4).
D:\UBB\ANUL 1\SEM 2\PROGRAMARE ORIENTATA OBIECT\TemaOOP_lab7-8\TemaOOP_lab6-7\Repository.cpp(88): warning C26486: Don't pass a pointer that may be invalid to a function. Parameter 0 '@dest' in call to 'std::vector<Tenant,std::allocator<Tenant> >::push_back' may be invalid (lifetime.3).
D:\UBB\ANUL 1\SEM 2\PROGRAMARE ORIENTATA OBIECT\TemaOOP_lab7-8\TemaOOP_lab6-7\Repository.cpp(88): warning C26458: Prefer to use gsl::at() instead of unchecked subscript operator (bounds.4).
D:\UBB\ANUL 1\SEM 2\PROGRAMARE ORIENTATA OBIECT\TemaOOP_lab7-8\TemaOOP_lab6-7\Repository.cpp(97): warning C26823: Dereferencing a possibly null pointer 't' (lifetime.1).
D:\UBB\ANUL 1\SEM 2\PROGRAMARE ORIENTATA OBIECT\TemaOOP_lab7-8\TemaOOP_lab6-7\Service.cpp(81): warning C26440: Function '<lambda_0593d3df1ceb3fe38106e3e6dbf118d9>::operator()' can be declared 'noexcept' (f.6).
D:\UBB\ANUL 1\SEM 2\PROGRAMARE ORIENTATA OBIECT\TemaOOP_lab7-8\TemaOOP_lab6-7\Service.cpp(86): warning C26429: Symbol 'cmp' is never tested for nullness, it can be marked as not_null (f.23).
D:\UBB\ANUL 1\SEM 2\PROGRAMARE ORIENTATA OBIECT\TemaOOP_lab7-8\TemaOOP_lab6-7\Service.cpp(92): warning C26446: Prefer to use gsl::at() instead of unchecked subscript operator (bounds.4).
D:\UBB\ANUL 1\SEM 2\PROGRAMARE ORIENTATA OBIECT\TemaOOP_lab7-8\TemaOOP_lab6-7\Service.cpp(92): warning C26446: Prefer to use gsl::at() instead of unchecked subscript operator (bounds.4).
D:\UBB\ANUL 1\SEM 2\PROGRAMARE ORIENTATA OBIECT\TemaOOP_lab7-8\TemaOOP_lab6-7\Service.cpp(94): warning C26446: Prefer to use gsl::at() instead of unchecked subscript operator (bounds.4).
D:\UBB\ANUL 1\SEM 2\PROGRAMARE ORIENTATA OBIECT\TemaOOP_lab7-8\TemaOOP_lab6-7\Service.cpp(95): warning C26446: Prefer to use gsl::at() instead of unchecked subscript operator (bounds.4).
D:\UBB\ANUL 1\SEM 2\PROGRAMARE ORIENTATA OBIECT\TemaOOP_lab7-8\TemaOOP_lab6-7\Service.cpp(95): warning C26446: Prefer to use gsl::at() instead of unchecked subscript operator (bounds.4).
D:\UBB\ANUL 1\SEM 2\PROGRAMARE ORIENTATA OBIECT\TemaOOP_lab7-8\TemaOOP_lab6-7\Service.cpp(96): warning C26446: Prefer to use gsl::at() instead of unchecked subscript operator (bounds.4).
D:\UBB\ANUL 1\SEM 2\PROGRAMARE ORIENTATA OBIECT\TemaOOP_lab7-8\TemaOOP_lab6-7\Service.cpp(92): warning C26486: Don't pass a pointer that may be invalid to a function. Parameter 0 '@all' in call to 'icall' may be invalid (lifetime.3).
D:\UBB\ANUL 1\SEM 2\PROGRAMARE ORIENTATA OBIECT\TemaOOP_lab7-8\TemaOOP_lab6-7\Service.cpp(94): warning C26486: Don't pass a pointer that may be invalid to a function. Parameter 0 '@all' in call to 'Tenant::Tenant' may be invalid (lifetime.3).
D:\UBB\ANUL 1\SEM 2\PROGRAMARE ORIENTATA OBIECT\TemaOOP_lab7-8\TemaOOP_lab6-7\Service.cpp(95): warning C26486: Don't pass a pointer that may be invalid to a function. Parameter 0 '@all' in call to 'Tenant::operator=' may be invalid (lifetime.3).
D:\UBB\ANUL 1\SEM 2\PROGRAMARE ORIENTATA OBIECT\TemaOOP_lab7-8\TemaOOP_lab6-7\Service.cpp(92): warning C26823: Dereferencing a possibly null pointer 'cmp' (lifetime.1).
D:\UBB\ANUL 1\SEM 2\PROGRAMARE ORIENTATA OBIECT\TemaOOP_lab7-8\TemaOOP_lab6-7\Service.cpp(106): warning C26823: Dereferencing a possibly null pointer 'result.->' (lifetime.1).
D:\UBB\ANUL 1\SEM 2\PROGRAMARE ORIENTATA OBIECT\TemaOOP_lab7-8\TemaOOP_lab6-7\Service.cpp(343): warning C26446: Prefer to use gsl::at() instead of unchecked subscript operator (bounds.4).
D:\UBB\ANUL 1\SEM 2\PROGRAMARE ORIENTATA OBIECT\TemaOOP_lab7-8\TemaOOP_lab6-7\Service.cpp(344): warning C26446: Prefer to use gsl::at() instead of unchecked subscript operator (bounds.4).
D:\UBB\ANUL 1\SEM 2\PROGRAMARE ORIENTATA OBIECT\TemaOOP_lab7-8\TemaOOP_lab6-7\Service.cpp(345): warning C26446: Prefer to use gsl::at() instead of unchecked subscript operator (bounds.4).
D:\UBB\ANUL 1\SEM 2\PROGRAMARE ORIENTATA OBIECT\TemaOOP_lab7-8\TemaOOP_lab6-7\Service.cpp(346): warning C26446: Prefer to use gsl::at() instead of unchecked subscript operator (bounds.4).
D:\UBB\ANUL 1\SEM 2\PROGRAMARE ORIENTATA OBIECT\TemaOOP_lab7-8\TemaOOP_lab6-7\Service.cpp(349): warning C26446: Prefer to use gsl::at() instead of unchecked subscript operator (bounds.4).
D:\UBB\ANUL 1\SEM 2\PROGRAMARE ORIENTATA OBIECT\TemaOOP_lab7-8\TemaOOP_lab6-7\Service.cpp(350): warning C26446: Prefer to use gsl::at() instead of unchecked subscript operator (bounds.4).
D:\UBB\ANUL 1\SEM 2\PROGRAMARE ORIENTATA OBIECT\TemaOOP_lab7-8\TemaOOP_lab6-7\Service.cpp(351): warning C26446: Prefer to use gsl::at() instead of unchecked subscript operator (bounds.4).
D:\UBB\ANUL 1\SEM 2\PROGRAMARE ORIENTATA OBIECT\TemaOOP_lab7-8\TemaOOP_lab6-7\Service.cpp(352): warning C26446: Prefer to use gsl::at() instead of unchecked subscript operator (bounds.4).
D:\UBB\ANUL 1\SEM 2\PROGRAMARE ORIENTATA OBIECT\TemaOOP_lab7-8\TemaOOP_lab6-7\Service.cpp(355): warning C26446: Prefer to use gsl::at() instead of unchecked subscript operator (bounds.4).
D:\UBB\ANUL 1\SEM 2\PROGRAMARE ORIENTATA OBIECT\TemaOOP_lab7-8\TemaOOP_lab6-7\Service.cpp(356): warning C26446: Prefer to use gsl::at() instead of unchecked subscript operator (bounds.4).
D:\UBB\ANUL 1\SEM 2\PROGRAMARE ORIENTATA OBIECT\TemaOOP_lab7-8\TemaOOP_lab6-7\Service.cpp(357): warning C26446: Prefer to use gsl::at() instead of unchecked subscript operator (bounds.4).
D:\UBB\ANUL 1\SEM 2\PROGRAMARE ORIENTATA OBIECT\TemaOOP_lab7-8\TemaOOP_lab6-7\Service.cpp(358): warning C26446: Prefer to use gsl::at() instead of unchecked subscript operator (bounds.4).
D:\UBB\ANUL 1\SEM 2\PROGRAMARE ORIENTATA OBIECT\TemaOOP_lab7-8\TemaOOP_lab6-7\Service.cpp(361): warning C26446: Prefer to use gsl::at() instead of unchecked subscript operator (bounds.4).
D:\UBB\ANUL 1\SEM 2\PROGRAMARE ORIENTATA OBIECT\TemaOOP_lab7-8\TemaOOP_lab6-7\Service.cpp(362): warning C26446: Prefer to use gsl::at() instead of unchecked subscript operator (bounds.4).
D:\UBB\ANUL 1\SEM 2\PROGRAMARE ORIENTATA OBIECT\TemaOOP_lab7-8\TemaOOP_lab6-7\Service.cpp(363): warning C26446: Prefer to use gsl::at() instead of unchecked subscript operator (bounds.4).
D:\UBB\ANUL 1\SEM 2\PROGRAMARE ORIENTATA OBIECT\TemaOOP_lab7-8\TemaOOP_lab6-7\Service.cpp(364): warning C26446: Prefer to use gsl::at() instead of unchecked subscript operator (bounds.4).
D:\UBB\ANUL 1\SEM 2\PROGRAMARE ORIENTATA OBIECT\TemaOOP_lab7-8\TemaOOP_lab6-7\Service.cpp(367): warning C26446: Prefer to use gsl::at() instead of unchecked subscript operator (bounds.4).
D:\UBB\ANUL 1\SEM 2\PROGRAMARE ORIENTATA OBIECT\TemaOOP_lab7-8\TemaOOP_lab6-7\Service.cpp(368): warning C26446: Prefer to use gsl::at() instead of unchecked subscript operator (bounds.4).
D:\UBB\ANUL 1\SEM 2\PROGRAMARE ORIENTATA OBIECT\TemaOOP_lab7-8\TemaOOP_lab6-7\Service.cpp(369): warning C26446: Prefer to use gsl::at() instead of unchecked subscript operator (bounds.4).
D:\UBB\ANUL 1\SEM 2\PROGRAMARE ORIENTATA OBIECT\TemaOOP_lab7-8\TemaOOP_lab6-7\Service.cpp(370): warning C26446: Prefer to use gsl::at() instead of unchecked subscript operator (bounds.4).
D:\UBB\ANUL 1\SEM 2\PROGRAMARE ORIENTATA OBIECT\TemaOOP_lab7-8\TemaOOP_lab6-7\Service.cpp(373): warning C26446: Prefer to use gsl::at() instead of unchecked subscript operator (bounds.4).
D:\UBB\ANUL 1\SEM 2\PROGRAMARE ORIENTATA OBIECT\TemaOOP_lab7-8\TemaOOP_lab6-7\Service.cpp(374): warning C26446: Prefer to use gsl::at() instead of unchecked subscript operator (bounds.4).
D:\UBB\ANUL 1\SEM 2\PROGRAMARE ORIENTATA OBIECT\TemaOOP_lab7-8\TemaOOP_lab6-7\Service.cpp(375): warning C26446: Prefer to use gsl::at() instead of unchecked subscript operator (bounds.4).
D:\UBB\ANUL 1\SEM 2\PROGRAMARE ORIENTATA OBIECT\TemaOOP_lab7-8\TemaOOP_lab6-7\Service.cpp(376): warning C26446: Prefer to use gsl::at() instead of unchecked subscript operator (bounds.4).
D:\UBB\ANUL 1\SEM 2\PROGRAMARE ORIENTATA OBIECT\TemaOOP_lab7-8\TemaOOP_lab6-7\Service.cpp(343): warning C26486: Don't pass a pointer that may be invalid to a function. Parameter 0 '@s1' in call to 'Tenant::getNrAp' may be invalid (lifetime.3).
D:\UBB\ANUL 1\SEM 2\PROGRAMARE ORIENTATA OBIECT\TemaOOP_lab7-8\TemaOOP_lab6-7\Service.cpp(344): warning C26486: Don't pass a pointer that may be invalid to a function. Parameter 0 '@s1' in call to 'Tenant::getNrAp' may be invalid (lifetime.3).
D:\UBB\ANUL 1\SEM 2\PROGRAMARE ORIENTATA OBIECT\TemaOOP_lab7-8\TemaOOP_lab6-7\Service.cpp(345): warning C26486: Don't pass a pointer that may be invalid to a function. Parameter 0 '@s1' in call to 'Tenant::getNrAp' may be invalid (lifetime.3).
D:\UBB\ANUL 1\SEM 2\PROGRAMARE ORIENTATA OBIECT\TemaOOP_lab7-8\TemaOOP_lab6-7\Service.cpp(346): warning C26486: Don't pass a pointer that may be invalid to a function. Parameter 0 '@s1' in call to 'Tenant::getNrAp' may be invalid (lifetime.3).
D:\UBB\ANUL 1\SEM 2\PROGRAMARE ORIENTATA OBIECT\TemaOOP_lab7-8\TemaOOP_lab6-7\Service.cpp(349): warning C26486: Don't pass a pointer that may be invalid to a function. Parameter 0 '@s2' in call to 'Tenant::getNrAp' may be invalid (lifetime.3).
D:\UBB\ANUL 1\SEM 2\PROGRAMARE ORIENTATA OBIECT\TemaOOP_lab7-8\TemaOOP_lab6-7\Service.cpp(350): warning C26486: Don't pass a pointer that may be invalid to a function. Parameter 0 '@s2' in call to 'Tenant::getNrAp' may be invalid (lifetime.3).
D:\UBB\ANUL 1\SEM 2\PROGRAMARE ORIENTATA OBIECT\TemaOOP_lab7-8\TemaOOP_lab6-7\Service.cpp(351): warning C26486: Don't pass a pointer that may be invalid to a function. Parameter 0 '@s2' in call to 'Tenant::getNrAp' may be invalid (lifetime.3).
D:\UBB\ANUL 1\SEM 2\PROGRAMARE ORIENTATA OBIECT\TemaOOP_lab7-8\TemaOOP_lab6-7\Service.cpp(352): warning C26486: Don't pass a pointer that may be invalid to a function. Parameter 0 '@s2' in call to 'Tenant::getNrAp' may be invalid (lifetime.3).
D:\UBB\ANUL 1\SEM 2\PROGRAMARE ORIENTATA OBIECT\TemaOOP_lab7-8\TemaOOP_lab6-7\Service.cpp(355): warning C26486: Don't pass a pointer that may be invalid to a function. Parameter 0 '@s3' in call to 'Tenant::getNrAp' may be invalid (lifetime.3).
D:\UBB\ANUL 1\SEM 2\PROGRAMARE ORIENTATA OBIECT\TemaOOP_lab7-8\TemaOOP_lab6-7\Service.cpp(356): warning C26486: Don't pass a pointer that may be invalid to a function. Parameter 0 '@s3' in call to 'Tenant::getNrAp' may be invalid (lifetime.3).
D:\UBB\ANUL 1\SEM 2\PROGRAMARE ORIENTATA OBIECT\TemaOOP_lab7-8\TemaOOP_lab6-7\Service.cpp(357): warning C26486: Don't pass a pointer that may be invalid to a function. Parameter 0 '@s3' in call to 'Tenant::getNrAp' may be invalid (lifetime.3).
D:\UBB\ANUL 1\SEM 2\PROGRAMARE ORIENTATA OBIECT\TemaOOP_lab7-8\TemaOOP_lab6-7\Service.cpp(358): warning C26486: Don't pass a pointer that may be invalid to a function. Parameter 0 '@s3' in call to 'Tenant::getNrAp' may be invalid (lifetime.3).
D:\UBB\ANUL 1\SEM 2\PROGRAMARE ORIENTATA OBIECT\TemaOOP_lab7-8\TemaOOP_lab6-7\Service.cpp(361): warning C26486: Don't pass a pointer that may be invalid to a function. Parameter 0 '@s4' in call to 'Tenant::getNrAp' may be invalid (lifetime.3).
D:\UBB\ANUL 1\SEM 2\PROGRAMARE ORIENTATA OBIECT\TemaOOP_lab7-8\TemaOOP_lab6-7\Service.cpp(362): warning C26486: Don't pass a pointer that may be invalid to a function. Parameter 0 '@s4' in call to 'Tenant::getNrAp' may be invalid (lifetime.3).
D:\UBB\ANUL 1\SEM 2\PROGRAMARE ORIENTATA OBIECT\TemaOOP_lab7-8\TemaOOP_lab6-7\Service.cpp(363): warning C26486: Don't pass a pointer that may be invalid to a function. Parameter 0 '@s4' in call to 'Tenant::getNrAp' may be invalid (lifetime.3).
D:\UBB\ANUL 1\SEM 2\PROGRAMARE ORIENTATA OBIECT\TemaOOP_lab7-8\TemaOOP_lab6-7\Service.cpp(364): warning C26486: Don't pass a pointer that may be invalid to a function. Parameter 0 '@s4' in call to 'Tenant::getNrAp' may be invalid (lifetime.3).
D:\UBB\ANUL 1\SEM 2\PROGRAMARE ORIENTATA OBIECT\TemaOOP_lab7-8\TemaOOP_lab6-7\Service.cpp(367): warning C26486: Don't pass a pointer that may be invalid to a function. Parameter 0 '@s5' in call to 'Tenant::getNrAp' may be invalid (lifetime.3).
D:\UBB\ANUL 1\SEM 2\PROGRAMARE ORIENTATA OBIECT\TemaOOP_lab7-8\TemaOOP_lab6-7\Service.cpp(368): warning C26486: Don't pass a pointer that may be invalid to a function. Parameter 0 '@s5' in call to 'Tenant::getNrAp' may be invalid (lifetime.3).
D:\UBB\ANUL 1\SEM 2\PROGRAMARE ORIENTATA OBIECT\TemaOOP_lab7-8\TemaOOP_lab6-7\Service.cpp(369): warning C26486: Don't pass a pointer that may be invalid to a function. Parameter 0 '@s5' in call to 'Tenant::getNrAp' may be invalid (lifetime.3).
D:\UBB\ANUL 1\SEM 2\PROGRAMARE ORIENTATA OBIECT\TemaOOP_lab7-8\TemaOOP_lab6-7\Service.cpp(370): warning C26486: Don't pass a pointer that may be invalid to a function. Parameter 0 '@s5' in call to 'Tenant::getNrAp' may be invalid (lifetime.3).
D:\UBB\ANUL 1\SEM 2\PROGRAMARE ORIENTATA OBIECT\TemaOOP_lab7-8\TemaOOP_lab6-7\Service.cpp(373): warning C26486: Don't pass a pointer that may be invalid to a function. Parameter 0 '@s6' in call to 'Tenant::getNrAp' may be invalid (lifetime.3).
D:\UBB\ANUL 1\SEM 2\PROGRAMARE ORIENTATA OBIECT\TemaOOP_lab7-8\TemaOOP_lab6-7\Service.cpp(374): warning C26486: Don't pass a pointer that may be invalid to a function. Parameter 0 '@s6' in call to 'Tenant::getNrAp' may be invalid (lifetime.3).
D:\UBB\ANUL 1\SEM 2\PROGRAMARE ORIENTATA OBIECT\TemaOOP_lab7-8\TemaOOP_lab6-7\Service.cpp(375): warning C26486: Don't pass a pointer that may be invalid to a function. Parameter 0 '@s6' in call to 'Tenant::getNrAp' may be invalid (lifetime.3).
D:\UBB\ANUL 1\SEM 2\PROGRAMARE ORIENTATA OBIECT\TemaOOP_lab7-8\TemaOOP_lab6-7\Service.cpp(376): warning C26486: Don't pass a pointer that may be invalid to a function. Parameter 0 '@s6' in call to 'Tenant::getNrAp' may be invalid (lifetime.3).
D:\UBB\ANUL 1\SEM 2\PROGRAMARE ORIENTATA OBIECT\TemaOOP_lab7-8\TemaOOP_lab6-7\Service.cpp(343): warning C26458: Prefer to use gsl::at() instead of unchecked subscript operator (bounds.4).
D:\UBB\ANUL 1\SEM 2\PROGRAMARE ORIENTATA OBIECT\TemaOOP_lab7-8\TemaOOP_lab6-7\Service.cpp(344): warning C26458: Prefer to use gsl::at() instead of unchecked subscript operator (bounds.4).
D:\UBB\ANUL 1\SEM 2\PROGRAMARE ORIENTATA OBIECT\TemaOOP_lab7-8\TemaOOP_lab6-7\Service.cpp(345): warning C26458: Prefer to use gsl::at() instead of unchecked subscript operator (bounds.4).
D:\UBB\ANUL 1\SEM 2\PROGRAMARE ORIENTATA OBIECT\TemaOOP_lab7-8\TemaOOP_lab6-7\Service.cpp(346): warning C26458: Prefer to use gsl::at() instead of unchecked subscript operator (bounds.4).
D:\UBB\ANUL 1\SEM 2\PROGRAMARE ORIENTATA OBIECT\TemaOOP_lab7-8\TemaOOP_lab6-7\Service.cpp(349): warning C26458: Prefer to use gsl::at() instead of unchecked subscript operator (bounds.4).
D:\UBB\ANUL 1\SEM 2\PROGRAMARE ORIENTATA OBIECT\TemaOOP_lab7-8\TemaOOP_lab6-7\Service.cpp(350): warning C26458: Prefer to use gsl::at() instead of unchecked subscript operator (bounds.4).
D:\UBB\ANUL 1\SEM 2\PROGRAMARE ORIENTATA OBIECT\TemaOOP_lab7-8\TemaOOP_lab6-7\Service.cpp(351): warning C26458: Prefer to use gsl::at() instead of unchecked subscript operator (bounds.4).
D:\UBB\ANUL 1\SEM 2\PROGRAMARE ORIENTATA OBIECT\TemaOOP_lab7-8\TemaOOP_lab6-7\Service.cpp(352): warning C26458: Prefer to use gsl::at() instead of unchecked subscript operator (bounds.4).
D:\UBB\ANUL 1\SEM 2\PROGRAMARE ORIENTATA OBIECT\TemaOOP_lab7-8\TemaOOP_lab6-7\Service.cpp(355): warning C26458: Prefer to use gsl::at() instead of unchecked subscript operator (bounds.4).
D:\UBB\ANUL 1\SEM 2\PROGRAMARE ORIENTATA OBIECT\TemaOOP_lab7-8\TemaOOP_lab6-7\Service.cpp(356): warning C26458: Prefer to use gsl::at() instead of unchecked subscript operator (bounds.4).
D:\UBB\ANUL 1\SEM 2\PROGRAMARE ORIENTATA OBIECT\TemaOOP_lab7-8\TemaOOP_lab6-7\Service.cpp(357): warning C26458: Prefer to use gsl::at() instead of unchecked subscript operator (bounds.4).
D:\UBB\ANUL 1\SEM 2\PROGRAMARE ORIENTATA OBIECT\TemaOOP_lab7-8\TemaOOP_lab6-7\Service.cpp(358): warning C26458: Prefer to use gsl::at() instead of unchecked subscript operator (bounds.4).
D:\UBB\ANUL 1\SEM 2\PROGRAMARE ORIENTATA OBIECT\TemaOOP_lab7-8\TemaOOP_lab6-7\Service.cpp(361): warning C26458: Prefer to use gsl::at() instead of unchecked subscript operator (bounds.4).
D:\UBB\ANUL 1\SEM 2\PROGRAMARE ORIENTATA OBIECT\TemaOOP_lab7-8\TemaOOP_lab6-7\Service.cpp(362): warning C26458: Prefer to use gsl::at() instead of unchecked subscript operator (bounds.4).
D:\UBB\ANUL 1\SEM 2\PROGRAMARE ORIENTATA OBIECT\TemaOOP_lab7-8\TemaOOP_lab6-7\Service.cpp(363): warning C26458: Prefer to use gsl::at() instead of unchecked subscript operator (bounds.4).
D:\UBB\ANUL 1\SEM 2\PROGRAMARE ORIENTATA OBIECT\TemaOOP_lab7-8\TemaOOP_lab6-7\Service.cpp(364): warning C26458: Prefer to use gsl::at() instead of unchecked subscript operator (bounds.4).
D:\UBB\ANUL 1\SEM 2\PROGRAMARE ORIENTATA OBIECT\TemaOOP_lab7-8\TemaOOP_lab6-7\Service.cpp(367): warning C26458: Prefer to use gsl::at() instead of unchecked subscript operator (bounds.4).
D:\UBB\ANUL 1\SEM 2\PROGRAMARE ORIENTATA OBIECT\TemaOOP_lab7-8\TemaOOP_lab6-7\Service.cpp(368): warning C26458: Prefer to use gsl::at() instead of unchecked subscript operator (bounds.4).
D:\UBB\ANUL 1\SEM 2\PROGRAMARE ORIENTATA OBIECT\TemaOOP_lab7-8\TemaOOP_lab6-7\Service.cpp(369): warning C26458: Prefer to use gsl::at() instead of unchecked subscript operator (bounds.4).
D:\UBB\ANUL 1\SEM 2\PROGRAMARE ORIENTATA OBIECT\TemaOOP_lab7-8\TemaOOP_lab6-7\Service.cpp(370): warning C26458: Prefer to use gsl::at() instead of unchecked subscript operator (bounds.4).
D:\UBB\ANUL 1\SEM 2\PROGRAMARE ORIENTATA OBIECT\TemaOOP_lab7-8\TemaOOP_lab6-7\Service.cpp(373): warning C26458: Prefer to use gsl::at() instead of unchecked subscript operator (bounds.4).
D:\UBB\ANUL 1\SEM 2\PROGRAMARE ORIENTATA OBIECT\TemaOOP_lab7-8\TemaOOP_lab6-7\Service.cpp(374): warning C26458: Prefer to use gsl::at() instead of unchecked subscript operator (bounds.4).
D:\UBB\ANUL 1\SEM 2\PROGRAMARE ORIENTATA OBIECT\TemaOOP_lab7-8\TemaOOP_lab6-7\Service.cpp(375): warning C26458: Prefer to use gsl::at() instead of unchecked subscript operator (bounds.4).
D:\UBB\ANUL 1\SEM 2\PROGRAMARE ORIENTATA OBIECT\TemaOOP_lab7-8\TemaOOP_lab6-7\Service.cpp(376): warning C26458: Prefer to use gsl::at() instead of unchecked subscript operator (bounds.4).
D:\UBB\ANUL 1\SEM 2\PROGRAMARE ORIENTATA OBIECT\TemaOOP_lab7-8\TemaOOP_lab6-7\UI.cpp(120): warning C26486: Don't pass a pointer that may be invalid to a function. Parameter 0 '@filtered' in call to 'Tenant::getSurface' may be invalid (lifetime.3).
D:\UBB\ANUL 1\SEM 2\PROGRAMARE ORIENTATA OBIECT\TemaOOP_lab7-8\TemaOOP_lab6-7\UI.cpp(120): warning C26486: Don't pass a pointer that may be invalid to a function. Parameter 0 '@filtered' in call to 'Tenant::getType' may be invalid (lifetime.3).
D:\UBB\ANUL 1\SEM 2\PROGRAMARE ORIENTATA OBIECT\TemaOOP_lab7-8\TemaOOP_lab6-7\UI.cpp(120): warning C26486: Don't pass a pointer that may be invalid to a function. Parameter 0 '@filtered' in call to 'Tenant::getOwner' may be invalid (lifetime.3).
D:\UBB\ANUL 1\SEM 2\PROGRAMARE ORIENTATA OBIECT\TemaOOP_lab7-8\TemaOOP_lab6-7\UI.cpp(120): warning C26486: Don't pass a pointer that may be invalid to a function. Parameter 0 '@filtered' in call to 'Tenant::getNrAp' may be invalid (lifetime.3).
D:\UBB\ANUL 1\SEM 2\PROGRAMARE ORIENTATA OBIECT\TemaOOP_lab7-8\TemaOOP_lab6-7\UI.cpp(120): warning C26823: Dereferencing a possibly null pointer 'tenant' (lifetime.1).
D:\UBB\ANUL 1\SEM 2\PROGRAMARE ORIENTATA OBIECT\TemaOOP_lab7-8\TemaOOP_lab6-7\UI.cpp(164): warning C26486: Don't pass a pointer that may be invalid to a function. Parameter 0 '@sorted' in call to 'Tenant::getSurface' may be invalid (lifetime.3).
D:\UBB\ANUL 1\SEM 2\PROGRAMARE ORIENTATA OBIECT\TemaOOP_lab7-8\TemaOOP_lab6-7\UI.cpp(164): warning C26486: Don't pass a pointer that may be invalid to a function. Parameter 0 '@sorted' in call to 'Tenant::getType' may be invalid (lifetime.3).
D:\UBB\ANUL 1\SEM 2\PROGRAMARE ORIENTATA OBIECT\TemaOOP_lab7-8\TemaOOP_lab6-7\UI.cpp(164): warning C26486: Don't pass a pointer that may be invalid to a function. Parameter 0 '@sorted' in call to 'Tenant::getOwner' may be invalid (lifetime.3).
D:\UBB\ANUL 1\SEM 2\PROGRAMARE ORIENTATA OBIECT\TemaOOP_lab7-8\TemaOOP_lab6-7\UI.cpp(164): warning C26486: Don't pass a pointer that may be invalid to a function. Parameter 0 '@sorted' in call to 'Tenant::getNrAp' may be invalid (lifetime.3).
D:\UBB\ANUL 1\SEM 2\PROGRAMARE ORIENTATA OBIECT\TemaOOP_lab7-8\TemaOOP_lab6-7\UI.cpp(164): warning C26823: Dereferencing a possibly null pointer 'tenant' (lifetime.1).
D:\UBB\ANUL 1\SEM 2\PROGRAMARE ORIENTATA OBIECT\TemaOOP_lab7-8\TemaOOP_lab6-7\UI.cpp(184): warning C26823: Dereferencing a possibly null pointer 'tenant' (lifetime.1).
D:\UBB\ANUL 1\SEM 2\PROGRAMARE ORIENTATA OBIECT\TemaOOP_lab7-8\TemaOOP_lab6-7\UI.cpp(222): warning C26823: Dereferencing a possibly null pointer 'tenant' (lifetime.1).
D:\UBB\ANUL 1\SEM 2\PROGRAMARE ORIENTATA OBIECT\TemaOOP_lab7-8\TemaOOP_lab6-7\UI.cpp(236): warning C26823: Dereferencing a possibly null pointer 'elem' (lifetime.1).
D:\UBB\ANUL 1\SEM 2\PROGRAMARE ORIENTATA OBIECT\TemaOOP_lab7-8\TemaOOP_lab6-7\UI.cpp(261): warning C26494: Variable 'opt' is uninitialized. Always initialize an object (type.5).
D:\UBB\ANUL 1\SEM 2\PROGRAMARE ORIENTATA OBIECT\TemaOOP_lab7-8\TemaOOP_lab6-7\Validator.cpp(5): warning C26823: Dereferencing a possibly null pointer '<begin>$L0' (lifetime.1).
