  Service.cpp
  TemaOOP_lab6-7.vcxproj -> D:\UBB\ANUL 1\SEM 2\PROGRAMARE ORIENTATA OBIECT\TemaOOP_lab10-11\x64\Debug\TemaOOP_lab6-7.exe
D:\UBB\ANUL 1\SEM 2\PROGRAMARE ORIENTATA OBIECT\TemaOOP_lab10-11\TemaOOP_lab6-7\Repository.cpp(17): warning C26440: Function '<lambda_8272960cfad8d13575710599c7815a24>::operator()' can be declared 'noexcept' (f.6).
D:\UBB\ANUL 1\SEM 2\PROGRAMARE ORIENTATA OBIECT\TemaOOP_lab10-11\TemaOOP_lab6-7\Repository.cpp(20): warning C26489: Don't dereference a pointer that may be invalid: 'allotemp.7'. '(temporary 7)' may have been invalidated at line 20 (lifetime.1).
D:\UBB\ANUL 1\SEM 2\PROGRAMARE ORIENTATA OBIECT\TemaOOP_lab10-11\TemaOOP_lab6-7\Repository.cpp(20): warning C26487: Don't return a pointer '(14's result)' that may be invalid (lifetime.4).
D:\UBB\ANUL 1\SEM 2\PROGRAMARE ORIENTATA OBIECT\TemaOOP_lab10-11\TemaOOP_lab6-7\Repository.cpp(33): warning C26436: The type 'class Repository' with a virtual function needs either public virtual or protected non-virtual destructor (c.35).
D:\UBB\ANUL 1\SEM 2\PROGRAMARE ORIENTATA OBIECT\TemaOOP_lab10-11\TemaOOP_lab6-7\Repository.cpp(44): warning C26446: Prefer to use gsl::at() instead of unchecked subscript operator (bounds.4).
D:\UBB\ANUL 1\SEM 2\PROGRAMARE ORIENTATA OBIECT\TemaOOP_lab10-11\TemaOOP_lab6-7\Repository.cpp(54): warning C26446: Prefer to use gsl::at() instead of unchecked subscript operator (bounds.4).
D:\UBB\ANUL 1\SEM 2\PROGRAMARE ORIENTATA OBIECT\TemaOOP_lab10-11\TemaOOP_lab6-7\Repository.cpp(55): warning C26446: Prefer to use gsl::at() instead of unchecked subscript operator (bounds.4).
D:\UBB\ANUL 1\SEM 2\PROGRAMARE ORIENTATA OBIECT\TemaOOP_lab10-11\TemaOOP_lab6-7\Repository.cpp(79): warning C26496: The variable 't' does not change after construction, mark it as const (con.4).
D:\UBB\ANUL 1\SEM 2\PROGRAMARE ORIENTATA OBIECT\TemaOOP_lab10-11\TemaOOP_lab6-7\Repository.cpp(67): warning C26494: Variable 'nrAp' is uninitialized. Always initialize an object (type.5).
D:\UBB\ANUL 1\SEM 2\PROGRAMARE ORIENTATA OBIECT\TemaOOP_lab10-11\TemaOOP_lab6-7\Repository.cpp(67): warning C26494: Variable 'surface' is uninitialized. Always initialize an object (type.5).
D:\UBB\ANUL 1\SEM 2\PROGRAMARE ORIENTATA OBIECT\TemaOOP_lab10-11\TemaOOP_lab6-7\Repository.cpp(90): warning C26823: Dereferencing a possibly null pointer 'tenant' (lifetime.1).
D:\UBB\ANUL 1\SEM 2\PROGRAMARE ORIENTATA OBIECT\TemaOOP_lab10-11\TemaOOP_lab6-7\Repository.cpp(98): warning C26436: The type 'class FileRepository' with a virtual function needs either public virtual or protected non-virtual destructor (c.35).
D:\UBB\ANUL 1\SEM 2\PROGRAMARE ORIENTATA OBIECT\TemaOOP_lab10-11\TemaOOP_lab6-7\Service.cpp(83): warning C26440: Function '<lambda_054d3be36988ba0021b226aae4864685>::operator()' can be declared 'noexcept' (f.6).
D:\UBB\ANUL 1\SEM 2\PROGRAMARE ORIENTATA OBIECT\TemaOOP_lab10-11\TemaOOP_lab6-7\Service.cpp(88): warning C26429: Symbol 'cmp' is never tested for nullness, it can be marked as not_null (f.23).
D:\UBB\ANUL 1\SEM 2\PROGRAMARE ORIENTATA OBIECT\TemaOOP_lab10-11\TemaOOP_lab6-7\Service.cpp(94): warning C26446: Prefer to use gsl::at() instead of unchecked subscript operator (bounds.4).
D:\UBB\ANUL 1\SEM 2\PROGRAMARE ORIENTATA OBIECT\TemaOOP_lab10-11\TemaOOP_lab6-7\Service.cpp(94): warning C26446: Prefer to use gsl::at() instead of unchecked subscript operator (bounds.4).
D:\UBB\ANUL 1\SEM 2\PROGRAMARE ORIENTATA OBIECT\TemaOOP_lab10-11\TemaOOP_lab6-7\Service.cpp(96): warning C26446: Prefer to use gsl::at() instead of unchecked subscript operator (bounds.4).
D:\UBB\ANUL 1\SEM 2\PROGRAMARE ORIENTATA OBIECT\TemaOOP_lab10-11\TemaOOP_lab6-7\Service.cpp(97): warning C26446: Prefer to use gsl::at() instead of unchecked subscript operator (bounds.4).
D:\UBB\ANUL 1\SEM 2\PROGRAMARE ORIENTATA OBIECT\TemaOOP_lab10-11\TemaOOP_lab6-7\Service.cpp(97): warning C26446: Prefer to use gsl::at() instead of unchecked subscript operator (bounds.4).
D:\UBB\ANUL 1\SEM 2\PROGRAMARE ORIENTATA OBIECT\TemaOOP_lab10-11\TemaOOP_lab6-7\Service.cpp(98): warning C26446: Prefer to use gsl::at() instead of unchecked subscript operator (bounds.4).
D:\UBB\ANUL 1\SEM 2\PROGRAMARE ORIENTATA OBIECT\TemaOOP_lab10-11\TemaOOP_lab6-7\Service.cpp(94): warning C26486: Don't pass a pointer that may be invalid to a function. Parameter 0 '@all' in call to 'icall' may be invalid (lifetime.3).
D:\UBB\ANUL 1\SEM 2\PROGRAMARE ORIENTATA OBIECT\TemaOOP_lab10-11\TemaOOP_lab6-7\Service.cpp(96): warning C26486: Don't pass a pointer that may be invalid to a function. Parameter 0 '@all' in call to 'Tenant::Tenant' may be invalid (lifetime.3).
D:\UBB\ANUL 1\SEM 2\PROGRAMARE ORIENTATA OBIECT\TemaOOP_lab10-11\TemaOOP_lab6-7\Service.cpp(97): warning C26486: Don't pass a pointer that may be invalid to a function. Parameter 0 '@all' in call to 'Tenant::operator=' may be invalid (lifetime.3).
D:\UBB\ANUL 1\SEM 2\PROGRAMARE ORIENTATA OBIECT\TemaOOP_lab10-11\TemaOOP_lab6-7\Service.cpp(94): warning C26823: Dereferencing a possibly null pointer 'cmp' (lifetime.1).
D:\UBB\ANUL 1\SEM 2\PROGRAMARE ORIENTATA OBIECT\TemaOOP_lab10-11\TemaOOP_lab6-7\Service.cpp(108): warning C26823: Dereferencing a possibly null pointer 'result.->' (lifetime.1).
D:\UBB\ANUL 1\SEM 2\PROGRAMARE ORIENTATA OBIECT\TemaOOP_lab10-11\TemaOOP_lab6-7\Service.cpp(288): warning C26446: Prefer to use gsl::at() instead of unchecked subscript operator (bounds.4).
D:\UBB\ANUL 1\SEM 2\PROGRAMARE ORIENTATA OBIECT\TemaOOP_lab10-11\TemaOOP_lab6-7\Service.cpp(289): warning C26446: Prefer to use gsl::at() instead of unchecked subscript operator (bounds.4).
D:\UBB\ANUL 1\SEM 2\PROGRAMARE ORIENTATA OBIECT\TemaOOP_lab10-11\TemaOOP_lab6-7\Service.cpp(290): warning C26446: Prefer to use gsl::at() instead of unchecked subscript operator (bounds.4).
D:\UBB\ANUL 1\SEM 2\PROGRAMARE ORIENTATA OBIECT\TemaOOP_lab10-11\TemaOOP_lab6-7\Service.cpp(291): warning C26446: Prefer to use gsl::at() instead of unchecked subscript operator (bounds.4).
D:\UBB\ANUL 1\SEM 2\PROGRAMARE ORIENTATA OBIECT\TemaOOP_lab10-11\TemaOOP_lab6-7\Service.cpp(294): warning C26446: Prefer to use gsl::at() instead of unchecked subscript operator (bounds.4).
D:\UBB\ANUL 1\SEM 2\PROGRAMARE ORIENTATA OBIECT\TemaOOP_lab10-11\TemaOOP_lab6-7\Service.cpp(295): warning C26446: Prefer to use gsl::at() instead of unchecked subscript operator (bounds.4).
D:\UBB\ANUL 1\SEM 2\PROGRAMARE ORIENTATA OBIECT\TemaOOP_lab10-11\TemaOOP_lab6-7\Service.cpp(296): warning C26446: Prefer to use gsl::at() instead of unchecked subscript operator (bounds.4).
D:\UBB\ANUL 1\SEM 2\PROGRAMARE ORIENTATA OBIECT\TemaOOP_lab10-11\TemaOOP_lab6-7\Service.cpp(297): warning C26446: Prefer to use gsl::at() instead of unchecked subscript operator (bounds.4).
D:\UBB\ANUL 1\SEM 2\PROGRAMARE ORIENTATA OBIECT\TemaOOP_lab10-11\TemaOOP_lab6-7\Service.cpp(300): warning C26446: Prefer to use gsl::at() instead of unchecked subscript operator (bounds.4).
D:\UBB\ANUL 1\SEM 2\PROGRAMARE ORIENTATA OBIECT\TemaOOP_lab10-11\TemaOOP_lab6-7\Service.cpp(301): warning C26446: Prefer to use gsl::at() instead of unchecked subscript operator (bounds.4).
D:\UBB\ANUL 1\SEM 2\PROGRAMARE ORIENTATA OBIECT\TemaOOP_lab10-11\TemaOOP_lab6-7\Service.cpp(302): warning C26446: Prefer to use gsl::at() instead of unchecked subscript operator (bounds.4).
D:\UBB\ANUL 1\SEM 2\PROGRAMARE ORIENTATA OBIECT\TemaOOP_lab10-11\TemaOOP_lab6-7\Service.cpp(303): warning C26446: Prefer to use gsl::at() instead of unchecked subscript operator (bounds.4).
D:\UBB\ANUL 1\SEM 2\PROGRAMARE ORIENTATA OBIECT\TemaOOP_lab10-11\TemaOOP_lab6-7\Service.cpp(306): warning C26446: Prefer to use gsl::at() instead of unchecked subscript operator (bounds.4).
D:\UBB\ANUL 1\SEM 2\PROGRAMARE ORIENTATA OBIECT\TemaOOP_lab10-11\TemaOOP_lab6-7\Service.cpp(307): warning C26446: Prefer to use gsl::at() instead of unchecked subscript operator (bounds.4).
D:\UBB\ANUL 1\SEM 2\PROGRAMARE ORIENTATA OBIECT\TemaOOP_lab10-11\TemaOOP_lab6-7\Service.cpp(308): warning C26446: Prefer to use gsl::at() instead of unchecked subscript operator (bounds.4).
D:\UBB\ANUL 1\SEM 2\PROGRAMARE ORIENTATA OBIECT\TemaOOP_lab10-11\TemaOOP_lab6-7\Service.cpp(309): warning C26446: Prefer to use gsl::at() instead of unchecked subscript operator (bounds.4).
D:\UBB\ANUL 1\SEM 2\PROGRAMARE ORIENTATA OBIECT\TemaOOP_lab10-11\TemaOOP_lab6-7\Service.cpp(312): warning C26446: Prefer to use gsl::at() instead of unchecked subscript operator (bounds.4).
D:\UBB\ANUL 1\SEM 2\PROGRAMARE ORIENTATA OBIECT\TemaOOP_lab10-11\TemaOOP_lab6-7\Service.cpp(313): warning C26446: Prefer to use gsl::at() instead of unchecked subscript operator (bounds.4).
D:\UBB\ANUL 1\SEM 2\PROGRAMARE ORIENTATA OBIECT\TemaOOP_lab10-11\TemaOOP_lab6-7\Service.cpp(314): warning C26446: Prefer to use gsl::at() instead of unchecked subscript operator (bounds.4).
D:\UBB\ANUL 1\SEM 2\PROGRAMARE ORIENTATA OBIECT\TemaOOP_lab10-11\TemaOOP_lab6-7\Service.cpp(315): warning C26446: Prefer to use gsl::at() instead of unchecked subscript operator (bounds.4).
D:\UBB\ANUL 1\SEM 2\PROGRAMARE ORIENTATA OBIECT\TemaOOP_lab10-11\TemaOOP_lab6-7\Service.cpp(318): warning C26446: Prefer to use gsl::at() instead of unchecked subscript operator (bounds.4).
D:\UBB\ANUL 1\SEM 2\PROGRAMARE ORIENTATA OBIECT\TemaOOP_lab10-11\TemaOOP_lab6-7\Service.cpp(319): warning C26446: Prefer to use gsl::at() instead of unchecked subscript operator (bounds.4).
D:\UBB\ANUL 1\SEM 2\PROGRAMARE ORIENTATA OBIECT\TemaOOP_lab10-11\TemaOOP_lab6-7\Service.cpp(320): warning C26446: Prefer to use gsl::at() instead of unchecked subscript operator (bounds.4).
D:\UBB\ANUL 1\SEM 2\PROGRAMARE ORIENTATA OBIECT\TemaOOP_lab10-11\TemaOOP_lab6-7\Service.cpp(321): warning C26446: Prefer to use gsl::at() instead of unchecked subscript operator (bounds.4).
D:\UBB\ANUL 1\SEM 2\PROGRAMARE ORIENTATA OBIECT\TemaOOP_lab10-11\TemaOOP_lab6-7\Service.cpp(288): warning C26486: Don't pass a pointer that may be invalid to a function. Parameter 0 '@s1' in call to 'Tenant::getNrAp' may be invalid (lifetime.3).
D:\UBB\ANUL 1\SEM 2\PROGRAMARE ORIENTATA OBIECT\TemaOOP_lab10-11\TemaOOP_lab6-7\Service.cpp(289): warning C26486: Don't pass a pointer that may be invalid to a function. Parameter 0 '@s1' in call to 'Tenant::getNrAp' may be invalid (lifetime.3).
D:\UBB\ANUL 1\SEM 2\PROGRAMARE ORIENTATA OBIECT\TemaOOP_lab10-11\TemaOOP_lab6-7\Service.cpp(290): warning C26486: Don't pass a pointer that may be invalid to a function. Parameter 0 '@s1' in call to 'Tenant::getNrAp' may be invalid (lifetime.3).
D:\UBB\ANUL 1\SEM 2\PROGRAMARE ORIENTATA OBIECT\TemaOOP_lab10-11\TemaOOP_lab6-7\Service.cpp(291): warning C26486: Don't pass a pointer that may be invalid to a function. Parameter 0 '@s1' in call to 'Tenant::getNrAp' may be invalid (lifetime.3).
D:\UBB\ANUL 1\SEM 2\PROGRAMARE ORIENTATA OBIECT\TemaOOP_lab10-11\TemaOOP_lab6-7\Service.cpp(294): warning C26486: Don't pass a pointer that may be invalid to a function. Parameter 0 '@s2' in call to 'Tenant::getNrAp' may be invalid (lifetime.3).
D:\UBB\ANUL 1\SEM 2\PROGRAMARE ORIENTATA OBIECT\TemaOOP_lab10-11\TemaOOP_lab6-7\Service.cpp(295): warning C26486: Don't pass a pointer that may be invalid to a function. Parameter 0 '@s2' in call to 'Tenant::getNrAp' may be invalid (lifetime.3).
D:\UBB\ANUL 1\SEM 2\PROGRAMARE ORIENTATA OBIECT\TemaOOP_lab10-11\TemaOOP_lab6-7\Service.cpp(296): warning C26486: Don't pass a pointer that may be invalid to a function. Parameter 0 '@s2' in call to 'Tenant::getNrAp' may be invalid (lifetime.3).
D:\UBB\ANUL 1\SEM 2\PROGRAMARE ORIENTATA OBIECT\TemaOOP_lab10-11\TemaOOP_lab6-7\Service.cpp(297): warning C26486: Don't pass a pointer that may be invalid to a function. Parameter 0 '@s2' in call to 'Tenant::getNrAp' may be invalid (lifetime.3).
D:\UBB\ANUL 1\SEM 2\PROGRAMARE ORIENTATA OBIECT\TemaOOP_lab10-11\TemaOOP_lab6-7\Service.cpp(300): warning C26486: Don't pass a pointer that may be invalid to a function. Parameter 0 '@s3' in call to 'Tenant::getNrAp' may be invalid (lifetime.3).
D:\UBB\ANUL 1\SEM 2\PROGRAMARE ORIENTATA OBIECT\TemaOOP_lab10-11\TemaOOP_lab6-7\Service.cpp(301): warning C26486: Don't pass a pointer that may be invalid to a function. Parameter 0 '@s3' in call to 'Tenant::getNrAp' may be invalid (lifetime.3).
D:\UBB\ANUL 1\SEM 2\PROGRAMARE ORIENTATA OBIECT\TemaOOP_lab10-11\TemaOOP_lab6-7\Service.cpp(302): warning C26486: Don't pass a pointer that may be invalid to a function. Parameter 0 '@s3' in call to 'Tenant::getNrAp' may be invalid (lifetime.3).
D:\UBB\ANUL 1\SEM 2\PROGRAMARE ORIENTATA OBIECT\TemaOOP_lab10-11\TemaOOP_lab6-7\Service.cpp(303): warning C26486: Don't pass a pointer that may be invalid to a function. Parameter 0 '@s3' in call to 'Tenant::getNrAp' may be invalid (lifetime.3).
D:\UBB\ANUL 1\SEM 2\PROGRAMARE ORIENTATA OBIECT\TemaOOP_lab10-11\TemaOOP_lab6-7\Service.cpp(306): warning C26486: Don't pass a pointer that may be invalid to a function. Parameter 0 '@s4' in call to 'Tenant::getNrAp' may be invalid (lifetime.3).
D:\UBB\ANUL 1\SEM 2\PROGRAMARE ORIENTATA OBIECT\TemaOOP_lab10-11\TemaOOP_lab6-7\Service.cpp(307): warning C26486: Don't pass a pointer that may be invalid to a function. Parameter 0 '@s4' in call to 'Tenant::getNrAp' may be invalid (lifetime.3).
D:\UBB\ANUL 1\SEM 2\PROGRAMARE ORIENTATA OBIECT\TemaOOP_lab10-11\TemaOOP_lab6-7\Service.cpp(308): warning C26486: Don't pass a pointer that may be invalid to a function. Parameter 0 '@s4' in call to 'Tenant::getNrAp' may be invalid (lifetime.3).
D:\UBB\ANUL 1\SEM 2\PROGRAMARE ORIENTATA OBIECT\TemaOOP_lab10-11\TemaOOP_lab6-7\Service.cpp(309): warning C26486: Don't pass a pointer that may be invalid to a function. Parameter 0 '@s4' in call to 'Tenant::getNrAp' may be invalid (lifetime.3).
D:\UBB\ANUL 1\SEM 2\PROGRAMARE ORIENTATA OBIECT\TemaOOP_lab10-11\TemaOOP_lab6-7\Service.cpp(312): warning C26486: Don't pass a pointer that may be invalid to a function. Parameter 0 '@s5' in call to 'Tenant::getNrAp' may be invalid (lifetime.3).
D:\UBB\ANUL 1\SEM 2\PROGRAMARE ORIENTATA OBIECT\TemaOOP_lab10-11\TemaOOP_lab6-7\Service.cpp(313): warning C26486: Don't pass a pointer that may be invalid to a function. Parameter 0 '@s5' in call to 'Tenant::getNrAp' may be invalid (lifetime.3).
D:\UBB\ANUL 1\SEM 2\PROGRAMARE ORIENTATA OBIECT\TemaOOP_lab10-11\TemaOOP_lab6-7\Service.cpp(314): warning C26486: Don't pass a pointer that may be invalid to a function. Parameter 0 '@s5' in call to 'Tenant::getNrAp' may be invalid (lifetime.3).
D:\UBB\ANUL 1\SEM 2\PROGRAMARE ORIENTATA OBIECT\TemaOOP_lab10-11\TemaOOP_lab6-7\Service.cpp(315): warning C26486: Don't pass a pointer that may be invalid to a function. Parameter 0 '@s5' in call to 'Tenant::getNrAp' may be invalid (lifetime.3).
D:\UBB\ANUL 1\SEM 2\PROGRAMARE ORIENTATA OBIECT\TemaOOP_lab10-11\TemaOOP_lab6-7\Service.cpp(318): warning C26486: Don't pass a pointer that may be invalid to a function. Parameter 0 '@s6' in call to 'Tenant::getNrAp' may be invalid (lifetime.3).
D:\UBB\ANUL 1\SEM 2\PROGRAMARE ORIENTATA OBIECT\TemaOOP_lab10-11\TemaOOP_lab6-7\Service.cpp(319): warning C26486: Don't pass a pointer that may be invalid to a function. Parameter 0 '@s6' in call to 'Tenant::getNrAp' may be invalid (lifetime.3).
D:\UBB\ANUL 1\SEM 2\PROGRAMARE ORIENTATA OBIECT\TemaOOP_lab10-11\TemaOOP_lab6-7\Service.cpp(320): warning C26486: Don't pass a pointer that may be invalid to a function. Parameter 0 '@s6' in call to 'Tenant::getNrAp' may be invalid (lifetime.3).
D:\UBB\ANUL 1\SEM 2\PROGRAMARE ORIENTATA OBIECT\TemaOOP_lab10-11\TemaOOP_lab6-7\Service.cpp(321): warning C26486: Don't pass a pointer that may be invalid to a function. Parameter 0 '@s6' in call to 'Tenant::getNrAp' may be invalid (lifetime.3).
D:\UBB\ANUL 1\SEM 2\PROGRAMARE ORIENTATA OBIECT\TemaOOP_lab10-11\TemaOOP_lab6-7\Service.cpp(288): warning C26458: Prefer to use gsl::at() instead of unchecked subscript operator (bounds.4).
D:\UBB\ANUL 1\SEM 2\PROGRAMARE ORIENTATA OBIECT\TemaOOP_lab10-11\TemaOOP_lab6-7\Service.cpp(289): warning C26458: Prefer to use gsl::at() instead of unchecked subscript operator (bounds.4).
D:\UBB\ANUL 1\SEM 2\PROGRAMARE ORIENTATA OBIECT\TemaOOP_lab10-11\TemaOOP_lab6-7\Service.cpp(290): warning C26458: Prefer to use gsl::at() instead of unchecked subscript operator (bounds.4).
D:\UBB\ANUL 1\SEM 2\PROGRAMARE ORIENTATA OBIECT\TemaOOP_lab10-11\TemaOOP_lab6-7\Service.cpp(291): warning C26458: Prefer to use gsl::at() instead of unchecked subscript operator (bounds.4).
D:\UBB\ANUL 1\SEM 2\PROGRAMARE ORIENTATA OBIECT\TemaOOP_lab10-11\TemaOOP_lab6-7\Service.cpp(294): warning C26458: Prefer to use gsl::at() instead of unchecked subscript operator (bounds.4).
D:\UBB\ANUL 1\SEM 2\PROGRAMARE ORIENTATA OBIECT\TemaOOP_lab10-11\TemaOOP_lab6-7\Service.cpp(295): warning C26458: Prefer to use gsl::at() instead of unchecked subscript operator (bounds.4).
D:\UBB\ANUL 1\SEM 2\PROGRAMARE ORIENTATA OBIECT\TemaOOP_lab10-11\TemaOOP_lab6-7\Service.cpp(296): warning C26458: Prefer to use gsl::at() instead of unchecked subscript operator (bounds.4).
D:\UBB\ANUL 1\SEM 2\PROGRAMARE ORIENTATA OBIECT\TemaOOP_lab10-11\TemaOOP_lab6-7\Service.cpp(297): warning C26458: Prefer to use gsl::at() instead of unchecked subscript operator (bounds.4).
D:\UBB\ANUL 1\SEM 2\PROGRAMARE ORIENTATA OBIECT\TemaOOP_lab10-11\TemaOOP_lab6-7\Service.cpp(300): warning C26458: Prefer to use gsl::at() instead of unchecked subscript operator (bounds.4).
D:\UBB\ANUL 1\SEM 2\PROGRAMARE ORIENTATA OBIECT\TemaOOP_lab10-11\TemaOOP_lab6-7\Service.cpp(301): warning C26458: Prefer to use gsl::at() instead of unchecked subscript operator (bounds.4).
D:\UBB\ANUL 1\SEM 2\PROGRAMARE ORIENTATA OBIECT\TemaOOP_lab10-11\TemaOOP_lab6-7\Service.cpp(302): warning C26458: Prefer to use gsl::at() instead of unchecked subscript operator (bounds.4).
D:\UBB\ANUL 1\SEM 2\PROGRAMARE ORIENTATA OBIECT\TemaOOP_lab10-11\TemaOOP_lab6-7\Service.cpp(303): warning C26458: Prefer to use gsl::at() instead of unchecked subscript operator (bounds.4).
D:\UBB\ANUL 1\SEM 2\PROGRAMARE ORIENTATA OBIECT\TemaOOP_lab10-11\TemaOOP_lab6-7\Service.cpp(306): warning C26458: Prefer to use gsl::at() instead of unchecked subscript operator (bounds.4).
D:\UBB\ANUL 1\SEM 2\PROGRAMARE ORIENTATA OBIECT\TemaOOP_lab10-11\TemaOOP_lab6-7\Service.cpp(307): warning C26458: Prefer to use gsl::at() instead of unchecked subscript operator (bounds.4).
D:\UBB\ANUL 1\SEM 2\PROGRAMARE ORIENTATA OBIECT\TemaOOP_lab10-11\TemaOOP_lab6-7\Service.cpp(308): warning C26458: Prefer to use gsl::at() instead of unchecked subscript operator (bounds.4).
D:\UBB\ANUL 1\SEM 2\PROGRAMARE ORIENTATA OBIECT\TemaOOP_lab10-11\TemaOOP_lab6-7\Service.cpp(309): warning C26458: Prefer to use gsl::at() instead of unchecked subscript operator (bounds.4).
D:\UBB\ANUL 1\SEM 2\PROGRAMARE ORIENTATA OBIECT\TemaOOP_lab10-11\TemaOOP_lab6-7\Service.cpp(312): warning C26458: Prefer to use gsl::at() instead of unchecked subscript operator (bounds.4).
D:\UBB\ANUL 1\SEM 2\PROGRAMARE ORIENTATA OBIECT\TemaOOP_lab10-11\TemaOOP_lab6-7\Service.cpp(313): warning C26458: Prefer to use gsl::at() instead of unchecked subscript operator (bounds.4).
D:\UBB\ANUL 1\SEM 2\PROGRAMARE ORIENTATA OBIECT\TemaOOP_lab10-11\TemaOOP_lab6-7\Service.cpp(314): warning C26458: Prefer to use gsl::at() instead of unchecked subscript operator (bounds.4).
D:\UBB\ANUL 1\SEM 2\PROGRAMARE ORIENTATA OBIECT\TemaOOP_lab10-11\TemaOOP_lab6-7\Service.cpp(315): warning C26458: Prefer to use gsl::at() instead of unchecked subscript operator (bounds.4).
D:\UBB\ANUL 1\SEM 2\PROGRAMARE ORIENTATA OBIECT\TemaOOP_lab10-11\TemaOOP_lab6-7\Service.cpp(318): warning C26458: Prefer to use gsl::at() instead of unchecked subscript operator (bounds.4).
D:\UBB\ANUL 1\SEM 2\PROGRAMARE ORIENTATA OBIECT\TemaOOP_lab10-11\TemaOOP_lab6-7\Service.cpp(319): warning C26458: Prefer to use gsl::at() instead of unchecked subscript operator (bounds.4).
D:\UBB\ANUL 1\SEM 2\PROGRAMARE ORIENTATA OBIECT\TemaOOP_lab10-11\TemaOOP_lab6-7\Service.cpp(320): warning C26458: Prefer to use gsl::at() instead of unchecked subscript operator (bounds.4).
D:\UBB\ANUL 1\SEM 2\PROGRAMARE ORIENTATA OBIECT\TemaOOP_lab10-11\TemaOOP_lab6-7\Service.cpp(321): warning C26458: Prefer to use gsl::at() instead of unchecked subscript operator (bounds.4).
D:\UBB\ANUL 1\SEM 2\PROGRAMARE ORIENTATA OBIECT\TemaOOP_lab10-11\TemaOOP_lab6-7\UI.cpp(114): warning C26486: Don't pass a pointer that may be invalid to a function. Parameter 0 '@filtered' in call to 'Tenant::getSurface' may be invalid (lifetime.3).
D:\UBB\ANUL 1\SEM 2\PROGRAMARE ORIENTATA OBIECT\TemaOOP_lab10-11\TemaOOP_lab6-7\UI.cpp(114): warning C26486: Don't pass a pointer that may be invalid to a function. Parameter 0 '@filtered' in call to 'Tenant::getType' may be invalid (lifetime.3).
D:\UBB\ANUL 1\SEM 2\PROGRAMARE ORIENTATA OBIECT\TemaOOP_lab10-11\TemaOOP_lab6-7\UI.cpp(114): warning C26486: Don't pass a pointer that may be invalid to a function. Parameter 0 '@filtered' in call to 'Tenant::getOwner' may be invalid (lifetime.3).
D:\UBB\ANUL 1\SEM 2\PROGRAMARE ORIENTATA OBIECT\TemaOOP_lab10-11\TemaOOP_lab6-7\UI.cpp(114): warning C26486: Don't pass a pointer that may be invalid to a function. Parameter 0 '@filtered' in call to 'Tenant::getNrAp' may be invalid (lifetime.3).
D:\UBB\ANUL 1\SEM 2\PROGRAMARE ORIENTATA OBIECT\TemaOOP_lab10-11\TemaOOP_lab6-7\UI.cpp(114): warning C26823: Dereferencing a possibly null pointer 'tenant' (lifetime.1).
D:\UBB\ANUL 1\SEM 2\PROGRAMARE ORIENTATA OBIECT\TemaOOP_lab10-11\TemaOOP_lab6-7\UI.cpp(158): warning C26486: Don't pass a pointer that may be invalid to a function. Parameter 0 '@sorted' in call to 'Tenant::getSurface' may be invalid (lifetime.3).
D:\UBB\ANUL 1\SEM 2\PROGRAMARE ORIENTATA OBIECT\TemaOOP_lab10-11\TemaOOP_lab6-7\UI.cpp(158): warning C26486: Don't pass a pointer that may be invalid to a function. Parameter 0 '@sorted' in call to 'Tenant::getType' may be invalid (lifetime.3).
D:\UBB\ANUL 1\SEM 2\PROGRAMARE ORIENTATA OBIECT\TemaOOP_lab10-11\TemaOOP_lab6-7\UI.cpp(158): warning C26486: Don't pass a pointer that may be invalid to a function. Parameter 0 '@sorted' in call to 'Tenant::getOwner' may be invalid (lifetime.3).
D:\UBB\ANUL 1\SEM 2\PROGRAMARE ORIENTATA OBIECT\TemaOOP_lab10-11\TemaOOP_lab6-7\UI.cpp(158): warning C26486: Don't pass a pointer that may be invalid to a function. Parameter 0 '@sorted' in call to 'Tenant::getNrAp' may be invalid (lifetime.3).
D:\UBB\ANUL 1\SEM 2\PROGRAMARE ORIENTATA OBIECT\TemaOOP_lab10-11\TemaOOP_lab6-7\UI.cpp(158): warning C26823: Dereferencing a possibly null pointer 'tenant' (lifetime.1).
D:\UBB\ANUL 1\SEM 2\PROGRAMARE ORIENTATA OBIECT\TemaOOP_lab10-11\TemaOOP_lab6-7\UI.cpp(178): warning C26823: Dereferencing a possibly null pointer 'tenant' (lifetime.1).
D:\UBB\ANUL 1\SEM 2\PROGRAMARE ORIENTATA OBIECT\TemaOOP_lab10-11\TemaOOP_lab6-7\UI.cpp(184): warning C26494: Variable 'opt' is uninitialized. Always initialize an object (type.5).
D:\UBB\ANUL 1\SEM 2\PROGRAMARE ORIENTATA OBIECT\TemaOOP_lab10-11\TemaOOP_lab6-7\Validator.cpp(5): warning C26823: Dereferencing a possibly null pointer '<begin>$L0' (lifetime.1).
