     1                                  bits 32 ; assembling for the 32 bits architecture
     2                                  
     3                                  ; declare the EntryPoint (a label defining the very first instruction of the program)
     4                                  global start        
     5                                  
     6                                  ; declare external functions needed by our program
     7                                  extern exit               ; tell nasm that exit exists even if we won't be defining it
     8                                  import exit msvcrt.dll    ; exit is a function that ends the calling process. It is defined in msvcrt.dll
     9                                                            ; msvcrt.dll contains exit, printf and all the other important C-runtime specific functions
    10                                  
    11                                  ; our data is declared here (the variables needed by our program)
    12                                  segment data use32 class=data
    13 00000000 02                          a db 2
    14 00000001 03                          b db 3
    15 00000002 04                          ce db 4
    16 00000003 05                          d db 5
    17                                  
    18                                  ; our code starts here
    19                                  segment code use32 class=code
    20                                      start:
    21                                          ;(a+b)*(c+d)
    22 00000000 B800000000                      mov eax, 0
    23 00000005 BB00000000                      mov ebx, 0
    24 0000000A A0[00000000]                    mov al, [a]
    25 0000000F 0205[01000000]                  add al, [b]
    26 00000015 8A1D[02000000]                  mov bl, [ce]
    27 0000001B 021D[03000000]                  add bl, [d]
    28 00000021 F6E3                            mul bl
    29                                          
    30 00000023 6A00                            push    dword 0      ; push the parameter for exit onto the stack
    31 00000025 FF15[00000000]                  call    [exit]       ; call exit to terminate the program
