     1                                  bits 32 ; assembling for the 32 bits architecture
     2                                  
     3                                  ; declare the EntryPoint (a label defining the very first instruction of the program)
     4                                  global start        
     5                                  
     6                                  ; declare external functions needed by our program
     7                                  extern exit               ; tell nasm that exit exists even if we won't be defining it
     8                                  import exit msvcrt.dll    ; exit is a function that ends the calling process. It is defined in msvcrt.dll
     9                                                            ; msvcrt.dll contains exit, printf and all the other important C-runtime specific functions
    10                                  
    11                                  ; our data is declared here (the variables needed by our program)
    12                                  segment data use32 class=data
    13 00000000 0200                        d dw 2
    14                                  ; our code starts here
    15                                  segment code use32 class=code
    16                                      start:
    17                                          ;[100*(d+3)-10]/d
    18 00000000 B800000000                      mov eax, 0
    19 00000005 66A1[00000000]                  mov ax, [d]
    20 0000000B 6683C003                        add ax, 3
    21 0000000F 66BB6400                        mov bx, 100
    22 00000013 66F7E3                          mul bx
    23 00000016 66BB0A00                        mov bx, 10
    24 0000001A 6629D8                          sub ax, bx
    25 0000001D 66F735[00000000]                div word [d]
    26 00000024 6A00                            push    dword 0      ; push the parameter for exit onto the stack
    27 00000026 FF15[00000000]                  call    [exit]       ; call exit to terminate the program
