     1                                  bits 32
     2                                  global start
     3                                  
     4                                  extern exit
     5                                  import exit msvcrt.dll
     6                                  
     7                                  segment data use32 class=data
     8                                      
     9 00000000 01030507                    s1 db 1,3,5,7
    10                                      ls1 equ ($-s1)
    11 00000004 02060904                    s2 db 2,6,9,4
    12 00000008 00<rept>                    d times ls1+ls1 db 0 ;1,2,3,6,5,9,7,4
    13                                      
    14                                  segment code use32 class=code
    15                                      start:
    16                                          ; Se dau doua siruri de octeti S1 si S2 de aceeasi lungime. Sa se obtina sirul D prin intercalarea elementelor celor doua siruri.
    17                                          
    18 00000000 B800000000                      mov eax, 0
    19 00000005 BB00000000                      mov ebx, 0 ;pastram contorul indicelui lungimii
    20                                          
    21 0000000A BE[00000000]                    mov esi, s1
    22 0000000F BF[08000000]                    mov edi, d
    23                                          
    24 00000014 B904000000                      mov ecx, ls1
    25 00000019 E31E                            jecxz final
    26 0000001B FC                              cld
    27                                          repeta:
    28 0000001C 8A83[00000000]                      mov al, [s1+ebx]
    29 00000022 AA                                  stosb; edi<-[al]
    30 00000023 BE[04000000]                        mov esi, s2
    31 00000028 8A83[04000000]                      mov al, [s2+ebx]
    32 0000002E AA                                  stosb; edi<-[al]
    33 0000002F BE[00000000]                        mov esi, s1
    34 00000034 83C301                              add ebx, 1
    35 00000037 E2E3                            loop repeta
    36                                          final:
    37 00000039 6A00                            push    dword 0
    38 0000003B FF15[00000000]                  call    [exit]
